<?xml version="1.0" encoding="UTF-8"?>
<testsuite xmlns:xsi="http://www.w3.org/2001/XMLSchema-instance" xsi:noNamespaceSchemaLocation="https://maven.apache.org/surefire/maven-surefire-plugin/xsd/surefire-test-report-3.0.xsd" version="3.0" name="com.security.SecurityApp.SecurityAppApplicationTests" time="3.323" tests="1" errors="0" skipped="0" failures="0">
  <properties>
[...]
</properties>
  <testcase name="contextLoads" classname="com.security.SecurityApp.SecurityAppApplicationTests" time="0.329">
    <system-out><![CDATA[17:29:55.482 [main] INFO org.springframework.test.context.support.AnnotationConfigContextLoaderUtils -- Could not detect default configuration classes for test class [com.security.SecurityApp.SecurityAppApplicationTests]: SecurityAppApplicationTests does not declare any static, non-private, non-final, nested classes annotated with @Configuration.
17:29:55.554 [main] INFO org.springframework.boot.test.context.SpringBootTestContextBootstrapper -- Found @SpringBootConfiguration com.security.SecurityApp.SecurityAppApplication for test class com.security.SecurityApp.SecurityAppApplicationTests

  .   ____          _            __ _ _
 /\\ / ___'_ __ _ _(_)_ __  __ _ \ \ \ \
( ( )\___ | '_ | '_| | '_ \/ _` | \ \ \ \
 \\/  ___)| |_)| | | | | || (_| |  ) ) ) )
  '  |____| .__|_| |_|_| |_\__, | / / / /
 =========|_|==============|___/=/_/_/_/

 :: Spring Boot ::                (v3.3.4)

2025-01-16T17:29:55.862+02:00  INFO 60291 --- [SecurityApp] [           main] c.s.S.SecurityAppApplicationTests        : Starting SecurityAppApplicationTests using Java 22.0.1 with PID 60291 (started by bsoan in /home/bsoan/Documents/Projects/Spring framework/SecurityApp/BackEnd)
2025-01-16T17:29:55.863+02:00  INFO 60291 --- [SecurityApp] [           main] c.s.S.SecurityAppApplicationTests        : No active profile set, falling back to 1 default profile: "default"
2025-01-16T17:29:56.284+02:00  INFO 60291 --- [SecurityApp] [           main] .s.d.r.c.RepositoryConfigurationDelegate : Bootstrapping Spring Data JPA repositories in DEFAULT mode.
2025-01-16T17:29:56.320+02:00  INFO 60291 --- [SecurityApp] [           main] .s.d.r.c.RepositoryConfigurationDelegate : Finished Spring Data repository scanning in 31 ms. Found 1 JPA repository interface.
2025-01-16T17:29:56.708+02:00  INFO 60291 --- [SecurityApp] [           main] com.zaxxer.hikari.HikariDataSource       : HikariPool-1 - Starting...
2025-01-16T17:29:56.829+02:00  INFO 60291 --- [SecurityApp] [           main] com.zaxxer.hikari.pool.HikariPool        : HikariPool-1 - Added connection conn0: url=jdbc:h2:mem:f90208fe-1e7f-489e-ae6e-11014f226545 user=POSTGRES
2025-01-16T17:29:56.830+02:00  INFO 60291 --- [SecurityApp] [           main] com.zaxxer.hikari.HikariDataSource       : HikariPool-1 - Start completed.
2025-01-16T17:29:56.861+02:00  INFO 60291 --- [SecurityApp] [           main] org.flywaydb.core.FlywayExecutor         : Database: jdbc:h2:mem:f90208fe-1e7f-489e-ae6e-11014f226545 (H2 2.2)
2025-01-16T17:29:56.865+02:00  WARN 60291 --- [SecurityApp] [           main] o.f.c.internal.database.base.Database    : Flyway upgrade recommended: H2 2.2.224 is newer than this version of Flyway and support has not been tested. The latest supported version of H2 is 2.2.220.
2025-01-16T17:29:56.877+02:00  INFO 60291 --- [SecurityApp] [           main] o.f.c.i.s.JdbcTableSchemaHistory         : Schema history table "PUBLIC"."flyway_schema_history" does not exist yet
2025-01-16T17:29:56.878+02:00  INFO 60291 --- [SecurityApp] [           main] o.f.core.internal.command.DbValidate     : Successfully validated 1 migration (execution time 00:00.007s)
2025-01-16T17:29:56.883+02:00  INFO 60291 --- [SecurityApp] [           main] o.f.c.i.s.JdbcTableSchemaHistory         : Creating Schema History table "PUBLIC"."flyway_schema_history" ...
2025-01-16T17:29:56.908+02:00  INFO 60291 --- [SecurityApp] [           main] o.f.core.internal.command.DbMigrate      : Current version of schema "PUBLIC": << Empty Schema >>
2025-01-16T17:29:56.912+02:00  INFO 60291 --- [SecurityApp] [           main] o.f.core.internal.command.DbMigrate      : Migrating schema "PUBLIC" to version "20250114115249 - Generate table for users"
2025-01-16T17:29:56.924+02:00  INFO 60291 --- [SecurityApp] [           main] o.f.core.internal.command.DbMigrate      : Successfully applied 1 migration to schema "PUBLIC", now at version v20250114115249 (execution time 00:00.003s)
2025-01-16T17:29:56.984+02:00  INFO 60291 --- [SecurityApp] [           main] o.hibernate.jpa.internal.util.LogHelper  : HHH000204: Processing PersistenceUnitInfo [name: default]
2025-01-16T17:29:57.020+02:00  INFO 60291 --- [SecurityApp] [           main] org.hibernate.Version                    : HHH000412: Hibernate ORM core version 6.5.3.Final
2025-01-16T17:29:57.043+02:00  INFO 60291 --- [SecurityApp] [           main] o.h.c.internal.RegionFactoryInitiator    : HHH000026: Second-level cache disabled
2025-01-16T17:29:57.219+02:00  INFO 60291 --- [SecurityApp] [           main] o.s.o.j.p.SpringPersistenceUnitInfo      : No LoadTimeWeaver setup: ignoring JPA class transformer
2025-01-16T17:29:57.722+02:00  INFO 60291 --- [SecurityApp] [           main] o.h.e.t.j.p.i.JtaPlatformInitiator       : HHH000489: No JTA platform available (set 'hibernate.transaction.jta.platform' to enable JTA platform integration)
2025-01-16T17:29:57.724+02:00  INFO 60291 --- [SecurityApp] [           main] j.LocalContainerEntityManagerFactoryBean : Initialized JPA EntityManagerFactory for persistence unit 'default'
2025-01-16T17:29:57.906+02:00  WARN 60291 --- [SecurityApp] [           main] JpaBaseConfiguration$JpaWebConfiguration : spring.jpa.open-in-view is enabled by default. Therefore, database queries may be performed during view rendering. Explicitly configure spring.jpa.open-in-view to disable this warning
2025-01-16T17:29:58.015+02:00  INFO 60291 --- [SecurityApp] [           main] eAuthenticationProviderManagerConfigurer : Global AuthenticationManager configured with AuthenticationProvider bean with name authenticationProvider
2025-01-16T17:29:58.015+02:00  WARN 60291 --- [SecurityApp] [           main] r$InitializeUserDetailsManagerConfigurer : Global AuthenticationManager configured with an AuthenticationProvider bean. UserDetailsService beans will not be used for username/password login. Consider removing the AuthenticationProvider bean. Alternatively, consider using the UserDetailsService in a manually instantiated DaoAuthenticationProvider.
2025-01-16T17:29:58.327+02:00  WARN 60291 --- [SecurityApp] [           main] ion$DefaultTemplateResolverConfiguration : Cannot find template location: classpath:/templates/ (please add some templates, check your Thymeleaf configuration, or set spring.thymeleaf.check-template-location=false)
2025-01-16T17:29:58.359+02:00  INFO 60291 --- [SecurityApp] [           main] c.s.S.SecurityAppApplicationTests        : Started SecurityAppApplicationTests in 2.723 seconds (process running for 3.306)
]]></system-out>
    <system-err><![CDATA[WARNING: A Java agent has been loaded dynamically (/home/bsoan/.m2/repository/net/bytebuddy/byte-buddy-agent/1.14.19/byte-buddy-agent-1.14.19.jar)
WARNING: If a serviceability tool is in use, please run with -XX:+EnableDynamicAgentLoading to hide this warning
WARNING: If a serviceability tool is not in use, please run with -Djdk.instrument.traceUsage for more information
WARNING: Dynamic loading of agents will be disallowed by default in a future release
]]></system-err>
  </testcase>
</testsuite>